<?xml version="1.0" encoding="UTF-8"?>
<!-- Generated by org.testng.reporters.JUnitReportReporter -->
<testsuite hostname="LAPTOP-168B2A9Q" failures="0" tests="1" name="NewTest" time="29.975" errors="0" timestamp="2022-10-02T14:33:34 IST" skipped="0">
  <testcase classname="NewTest" name="login" time="29.975"/>
  <system-out/>
</testsuite> <!-- NewTest -->
